2018-01-01 22:53:08,867 [Worker-5] INFO  o.e.m.c.i.i.nexus.NexusIndexManager - Updating index for repository: central|http://repo.maven.apache.org/maven2
2018-01-01 22:53:09,256 [Worker-5] INFO  c.n.h.c.p.n.NettyAsyncHttpProvider - Number of application's worked threads is 4
2018-01-01 22:53:09,979 [Worker-9] INFO  o.e.m.c.i.l.LifecycleMappingFactory - Using org.eclipse.m2e.jdt.JarLifecycleMapping lifecycle mapping for MavenProject: org.shri:ApplicationContextDemo:0.0.1-SNAPSHOT @ /home/shri/programming/spring/ApplicationContextDemo/pom.xml.
2018-01-01 22:53:09,980 [Worker-0] INFO  o.e.m.c.i.l.LifecycleMappingFactory - Using org.eclipse.m2e.jdt.JarLifecycleMapping lifecycle mapping for MavenProject: org.shri:ApplicationContextDemo:0.0.1-SNAPSHOT @ /home/shri/programming/spring/ApplicationContextDemo/pom.xml.
2018-01-01 22:53:11,483 [Worker-7] INFO  o.e.m.c.i.l.LifecycleMappingFactory - Using org.eclipse.m2e.jdt.JarLifecycleMapping lifecycle mapping for MavenProject: org.shri:ApplicationContextDemo:0.0.1-SNAPSHOT @ /home/shri/programming/spring/ApplicationContextDemo/pom.xml.
2018-01-01 22:53:11,519 [Worker-9] INFO  o.e.m.c.i.embedder.EclipseLogger - Using 'UTF-8' encoding to copy filtered resources.
2018-01-01 22:53:11,519 [Worker-9] INFO  o.e.m.c.i.embedder.EclipseLogger - skip non existing resourceDirectory /home/shri/programming/spring/ApplicationContextDemo/src/main/resources
2018-01-01 22:53:11,539 [Worker-9] INFO  o.e.m.c.i.embedder.EclipseLogger - Using 'UTF-8' encoding to copy filtered resources.
2018-01-01 22:53:11,539 [Worker-9] INFO  o.e.m.c.i.embedder.EclipseLogger - skip non existing resourceDirectory /home/shri/programming/spring/ApplicationContextDemo/src/test/resources
2018-01-01 22:53:11,625 [Worker-7] INFO  o.e.m.c.i.l.LifecycleMappingFactory - Using org.eclipse.m2e.jdt.JarLifecycleMapping lifecycle mapping for MavenProject: org.shri:BeanFactoryDemo:0.0.1-SNAPSHOT @ /home/shri/programming/spring/BeanFactoryDemo/pom.xml.
2018-01-01 22:53:11,734 [Worker-7] INFO  o.e.m.c.i.l.LifecycleMappingFactory - Using org.eclipse.m2e.jdt.JarLifecycleMapping lifecycle mapping for MavenProject: org.shri:ApplicationContextDemo:0.0.1-SNAPSHOT @ /home/shri/programming/spring/ApplicationContextDemo/pom.xml.
2018-01-01 22:53:11,894 [Worker-7] INFO  o.e.m.c.i.l.LifecycleMappingFactory - Using org.eclipse.m2e.jdt.JarLifecycleMapping lifecycle mapping for MavenProject: org.shri:BeanFactoryDemo:0.0.1-SNAPSHOT @ /home/shri/programming/spring/BeanFactoryDemo/pom.xml.
2018-01-01 22:53:11,950 [Worker-9] INFO  o.e.m.c.i.l.LifecycleMappingFactory - Using org.eclipse.m2e.jdt.JarLifecycleMapping lifecycle mapping for MavenProject: org.shri:BeanFactoryDemo:0.0.1-SNAPSHOT @ /home/shri/programming/spring/BeanFactoryDemo/pom.xml.
2018-01-01 22:53:12,128 [Worker-9] INFO  o.e.m.c.i.embedder.EclipseLogger - Using 'UTF-8' encoding to copy filtered resources.
2018-01-01 22:53:12,128 [Worker-9] INFO  o.e.m.c.i.embedder.EclipseLogger - skip non existing resourceDirectory /home/shri/programming/spring/BeanFactoryDemo/src/main/resources
2018-01-01 22:53:12,131 [Worker-9] INFO  o.e.m.c.i.embedder.EclipseLogger - Using 'UTF-8' encoding to copy filtered resources.
2018-01-01 22:53:12,131 [Worker-9] INFO  o.e.m.c.i.embedder.EclipseLogger - skip non existing resourceDirectory /home/shri/programming/spring/BeanFactoryDemo/src/test/resources
2018-01-01 22:53:13,355 [Worker-0] INFO  o.e.m.c.i.l.LifecycleMappingFactory - Using org.eclipse.m2e.jdt.JarLifecycleMapping lifecycle mapping for MavenProject: org.shri:ApplicationContextDemo:0.0.1-SNAPSHOT @ /home/shri/programming/spring/ApplicationContextDemo/pom.xml.
2018-01-01 22:53:13,398 [Worker-10] INFO  o.e.m.c.i.embedder.EclipseLogger - Using 'UTF-8' encoding to copy filtered resources.
2018-01-01 22:53:13,399 [Worker-10] INFO  o.e.m.c.i.embedder.EclipseLogger - skip non existing resourceDirectory /home/shri/programming/spring/ApplicationContextDemo/src/main/resources
2018-01-01 22:53:13,401 [Worker-10] INFO  o.e.m.c.i.embedder.EclipseLogger - Using 'UTF-8' encoding to copy filtered resources.
2018-01-01 22:53:13,401 [Worker-10] INFO  o.e.m.c.i.embedder.EclipseLogger - skip non existing resourceDirectory /home/shri/programming/spring/ApplicationContextDemo/src/test/resources
2018-01-01 22:53:13,470 [Worker-0] INFO  o.e.m.c.i.l.LifecycleMappingFactory - Using org.eclipse.m2e.jdt.JarLifecycleMapping lifecycle mapping for MavenProject: org.shri:BeanFactoryDemo:0.0.1-SNAPSHOT @ /home/shri/programming/spring/BeanFactoryDemo/pom.xml.
2018-01-01 22:53:13,580 [Worker-10] INFO  o.e.m.c.i.embedder.EclipseLogger - Using 'UTF-8' encoding to copy filtered resources.
2018-01-01 22:53:13,581 [Worker-10] INFO  o.e.m.c.i.embedder.EclipseLogger - skip non existing resourceDirectory /home/shri/programming/spring/BeanFactoryDemo/src/main/resources
2018-01-01 22:53:13,617 [Worker-10] INFO  o.e.m.c.i.embedder.EclipseLogger - Using 'UTF-8' encoding to copy filtered resources.
2018-01-01 22:53:13,617 [Worker-10] INFO  o.e.m.c.i.embedder.EclipseLogger - skip non existing resourceDirectory /home/shri/programming/spring/BeanFactoryDemo/src/test/resources
2018-01-01 22:53:13,636 [Worker-0] INFO  o.e.m.c.i.l.LifecycleMappingFactory - Using org.eclipse.m2e.jdt.JarLifecycleMapping lifecycle mapping for MavenProject: org.shri:ApplicationContextDemo:0.0.1-SNAPSHOT @ /home/shri/programming/spring/ApplicationContextDemo/pom.xml.
2018-01-01 22:53:13,737 [Worker-0] INFO  o.e.m.c.i.l.LifecycleMappingFactory - Using org.eclipse.m2e.jdt.JarLifecycleMapping lifecycle mapping for MavenProject: org.shri:BeanFactoryDemo:0.0.1-SNAPSHOT @ /home/shri/programming/spring/BeanFactoryDemo/pom.xml.
2018-01-01 22:53:14,744 [Worker-0] INFO  o.e.m.c.i.embedder.EclipseLogger - Using 'UTF-8' encoding to copy filtered resources.
2018-01-01 22:53:14,744 [Worker-0] INFO  o.e.m.c.i.embedder.EclipseLogger - skip non existing resourceDirectory /home/shri/programming/spring/ApplicationContextDemo/src/main/resources
2018-01-01 22:53:14,746 [Worker-0] INFO  o.e.m.c.i.embedder.EclipseLogger - Using 'UTF-8' encoding to copy filtered resources.
2018-01-01 22:53:14,746 [Worker-0] INFO  o.e.m.c.i.embedder.EclipseLogger - skip non existing resourceDirectory /home/shri/programming/spring/ApplicationContextDemo/src/test/resources
2018-01-01 22:53:14,759 [Worker-0] INFO  o.e.m.c.i.embedder.EclipseLogger - Using 'UTF-8' encoding to copy filtered resources.
2018-01-01 22:53:14,759 [Worker-0] INFO  o.e.m.c.i.embedder.EclipseLogger - skip non existing resourceDirectory /home/shri/programming/spring/BeanFactoryDemo/src/main/resources
2018-01-01 22:53:14,761 [Worker-0] INFO  o.e.m.c.i.embedder.EclipseLogger - Using 'UTF-8' encoding to copy filtered resources.
2018-01-01 22:53:14,761 [Worker-0] INFO  o.e.m.c.i.embedder.EclipseLogger - skip non existing resourceDirectory /home/shri/programming/spring/BeanFactoryDemo/src/test/resources
2018-01-01 22:53:29,592 [Worker-5] ERROR o.e.m.c.i.i.nexus.NexusIndexManager - Unable to update index for central|http://repo.maven.apache.org/maven2
java.io.IOException: null to http://repo.maven.apache.org/maven2/.index/nexus-maven-repository-index.properties
	at org.eclipse.m2e.core.internal.index.nexus.AsyncFetcher$PipedErrorInputStream.checkError(AsyncFetcher.java:250) ~[org.eclipse.m2e.core_1.4.0.20130601-0317.jar:na]
	at org.eclipse.m2e.core.internal.index.nexus.AsyncFetcher$PipedErrorInputStream.read(AsyncFetcher.java:256) ~[org.eclipse.m2e.core_1.4.0.20130601-0317.jar:na]
	at java.io.PipedInputStream.read(PipedInputStream.java:378) ~[na:1.7.0_79]
	at java.io.InputStream.read(InputStream.java:101) ~[na:1.7.0_79]
	at java.util.Properties$LineReader.readLine(Properties.java:434) ~[na:1.7.0_79]
	at java.util.Properties.load0(Properties.java:353) ~[na:1.7.0_79]
	at java.util.Properties.load(Properties.java:341) ~[na:1.7.0_79]
	at org.apache.maven.index.updater.DefaultIndexUpdater.downloadIndexProperties(DefaultIndexUpdater.java:457) ~[indexer-core-3.1.0.jar:3.1.0]
	at org.apache.maven.index.updater.DefaultIndexUpdater.access$100(DefaultIndexUpdater.java:75) ~[indexer-core-3.1.0.jar:3.1.0]
	at org.apache.maven.index.updater.DefaultIndexUpdater$IndexAdaptor.setProperties(DefaultIndexUpdater.java:607) ~[indexer-core-3.1.0.jar:3.1.0]
	at org.apache.maven.index.updater.DefaultIndexUpdater.fetchAndUpdateIndex(DefaultIndexUpdater.java:788) ~[indexer-core-3.1.0.jar:3.1.0]
	at org.apache.maven.index.updater.DefaultIndexUpdater.fetchAndUpdateIndex(DefaultIndexUpdater.java:135) ~[indexer-core-3.1.0.jar:3.1.0]
	at org.eclipse.m2e.core.internal.index.nexus.NexusIndexManager.updateRemoteIndex(NexusIndexManager.java:1126) [org.eclipse.m2e.core_1.4.0.20130601-0317.jar:na]
	at org.eclipse.m2e.core.internal.index.nexus.NexusIndexManager.updateIndex(NexusIndexManager.java:1083) [org.eclipse.m2e.core_1.4.0.20130601-0317.jar:na]
	at org.eclipse.m2e.core.internal.index.nexus.NexusIndexManager$1.run(NexusIndexManager.java:660) [org.eclipse.m2e.core_1.4.0.20130601-0317.jar:na]
	at org.eclipse.m2e.core.internal.index.nexus.IndexUpdaterJob.run(IndexUpdaterJob.java:72) [org.eclipse.m2e.core_1.4.0.20130601-0317.jar:na]
	at org.eclipse.core.internal.jobs.Worker.run(Worker.java:53) [org.eclipse.core.jobs_3.5.300.v20130429-1813.jar:na]
Caused by: java.net.ConnectException: null to http://repo.maven.apache.org/maven2/.index/nexus-maven-repository-index.properties
	at com.ning.http.client.providers.netty.NettyConnectListener.operationComplete(NettyConnectListener.java:95) ~[async-http-client-1.6.5.jar:na]
	at org.jboss.netty.channel.DefaultChannelFuture.notifyListener(DefaultChannelFuture.java:381) ~[na:na]
	at org.jboss.netty.channel.DefaultChannelFuture.addListener(DefaultChannelFuture.java:148) ~[na:na]
	at com.ning.http.client.providers.netty.NettyAsyncHttpProvider.doConnect(NettyAsyncHttpProvider.java:945) ~[async-http-client-1.6.5.jar:na]
	at com.ning.http.client.providers.netty.NettyAsyncHttpProvider.execute(NettyAsyncHttpProvider.java:776) ~[async-http-client-1.6.5.jar:na]
	at com.ning.http.client.AsyncHttpClient.executeRequest(AsyncHttpClient.java:484) ~[async-http-client-1.6.5.jar:na]
	at com.ning.http.client.SimpleAsyncHttpClient.execute(SimpleAsyncHttpClient.java:285) ~[async-http-client-1.6.5.jar:na]
	at com.ning.http.client.SimpleAsyncHttpClient.get(SimpleAsyncHttpClient.java:202) ~[async-http-client-1.6.5.jar:na]
	at org.eclipse.m2e.core.internal.index.nexus.AsyncFetcher.retrieve(AsyncFetcher.java:202) ~[org.eclipse.m2e.core_1.4.0.20130601-0317.jar:na]
	at org.apache.maven.index.updater.DefaultIndexUpdater.downloadIndexProperties(DefaultIndexUpdater.java:452) ~[indexer-core-3.1.0.jar:3.1.0]
	... 9 common frames omitted
Caused by: java.nio.channels.UnresolvedAddressException: null
	at sun.nio.ch.Net.checkAddress(Net.java:127) ~[na:1.7.0_79]
	at sun.nio.ch.SocketChannelImpl.connect(SocketChannelImpl.java:644) ~[na:1.7.0_79]
	at org.jboss.netty.channel.socket.nio.NioClientSocketPipelineSink.connect(NioClientSocketPipelineSink.java:140) ~[na:na]
	at org.jboss.netty.channel.socket.nio.NioClientSocketPipelineSink.eventSunk(NioClientSocketPipelineSink.java:103) ~[na:na]
	at org.jboss.netty.handler.codec.oneone.OneToOneEncoder.handleDownstream(OneToOneEncoder.java:60) ~[na:na]
	at org.jboss.netty.handler.codec.http.HttpClientCodec.handleDownstream(HttpClientCodec.java:82) ~[na:na]
	at org.jboss.netty.handler.stream.ChunkedWriteHandler.handleDownstream(ChunkedWriteHandler.java:115) ~[na:na]
	at org.jboss.netty.channel.Channels.connect(Channels.java:541) ~[na:na]
	at org.jboss.netty.channel.AbstractChannel.connect(AbstractChannel.java:210) ~[na:na]
	at org.jboss.netty.bootstrap.ClientBootstrap.connect(ClientBootstrap.java:227) ~[na:na]
	at org.jboss.netty.bootstrap.ClientBootstrap.connect(ClientBootstrap.java:188) ~[na:na]
	at com.ning.http.client.providers.netty.NettyAsyncHttpProvider.doConnect(NettyAsyncHttpProvider.java:902) ~[async-http-client-1.6.5.jar:na]
	... 15 common frames omitted
2018-01-01 23:00:34,597 [Worker-11] INFO  o.e.m.c.i.p.ProjectConfigurationManager - Collecting project info '/pom.xml' /home/shri/programming/spring/SpringCollectionExample/pom.xml
2018-01-01 23:00:34,679 [Worker-11] INFO  o.e.m.c.i.l.LifecycleMappingFactory - Using org.eclipse.m2e.jdt.JarLifecycleMapping lifecycle mapping for MavenProject: org.shri:SpringCollectionExample:0.0.1-SNAPSHOT @ /home/shri/programming/spring/SpringCollectionExample/pom.xml.
2018-01-01 23:00:34,798 [Worker-11] INFO  o.e.m.j.i.AbstractJavaProjectConfigurator - Adding source folder /SpringCollectionExample/src/main/java
2018-01-01 23:00:34,800 [Worker-11] INFO  o.e.m.j.i.AbstractJavaProjectConfigurator - Adding source folder /SpringCollectionExample/src/test/java
2018-01-01 23:00:34,850 [Worker-11] INFO  o.e.m.c.i.p.ProjectConfigurationManager - Project import completed 0 sec
2018-01-01 23:00:35,078 [Worker-5] INFO  o.e.m.c.i.l.LifecycleMappingFactory - Using org.eclipse.m2e.jdt.JarLifecycleMapping lifecycle mapping for MavenProject: org.shri:SpringCollectionExample:0.0.1-SNAPSHOT @ /home/shri/programming/spring/SpringCollectionExample/pom.xml.
2018-01-01 23:00:35,165 [Worker-5] INFO  o.e.m.c.i.embedder.EclipseLogger - Using 'UTF-8' encoding to copy filtered resources.
2018-01-01 23:00:35,165 [Worker-5] INFO  o.e.m.c.i.embedder.EclipseLogger - skip non existing resourceDirectory /home/shri/programming/spring/SpringCollectionExample/src/main/resources
2018-01-01 23:00:35,167 [Worker-5] INFO  o.e.m.c.i.embedder.EclipseLogger - Using 'UTF-8' encoding to copy filtered resources.
2018-01-01 23:00:35,167 [Worker-5] INFO  o.e.m.c.i.embedder.EclipseLogger - skip non existing resourceDirectory /home/shri/programming/spring/SpringCollectionExample/src/test/resources
2018-01-01 23:00:35,927 [Worker-11] INFO  o.e.m.c.i.l.LifecycleMappingFactory - Using org.eclipse.m2e.jdt.JarLifecycleMapping lifecycle mapping for MavenProject: org.shri:SpringCollectionExample:0.0.1-SNAPSHOT @ /home/shri/programming/spring/SpringCollectionExample/pom.xml.
2018-01-01 23:00:36,192 [Worker-8] INFO  o.e.m.c.i.embedder.EclipseLogger - Using 'UTF-8' encoding to copy filtered resources.
2018-01-01 23:00:36,192 [Worker-8] INFO  o.e.m.c.i.embedder.EclipseLogger - skip non existing resourceDirectory /home/shri/programming/spring/SpringCollectionExample/src/main/resources
2018-01-01 23:00:36,194 [Worker-8] INFO  o.e.m.c.i.embedder.EclipseLogger - Using 'UTF-8' encoding to copy filtered resources.
2018-01-01 23:00:36,194 [Worker-8] INFO  o.e.m.c.i.embedder.EclipseLogger - skip non existing resourceDirectory /home/shri/programming/spring/SpringCollectionExample/src/test/resources
2018-01-01 23:01:01,779 [Worker-8] INFO  o.e.m.c.i.embedder.EclipseLogger - Using 'UTF-8' encoding to copy filtered resources.
2018-01-01 23:01:01,780 [Worker-8] INFO  o.e.m.c.i.embedder.EclipseLogger - skip non existing resourceDirectory /home/shri/programming/spring/SpringCollectionExample/src/main/resources
2018-01-01 23:01:01,783 [Worker-8] INFO  o.e.m.c.i.embedder.EclipseLogger - Using 'UTF-8' encoding to copy filtered resources.
2018-01-01 23:01:01,784 [Worker-8] INFO  o.e.m.c.i.embedder.EclipseLogger - skip non existing resourceDirectory /home/shri/programming/spring/SpringCollectionExample/src/test/resources
2018-01-01 23:01:02,878 [Worker-8] INFO  o.e.m.c.i.embedder.EclipseLogger - Using 'UTF-8' encoding to copy filtered resources.
2018-01-01 23:01:02,878 [Worker-8] INFO  o.e.m.c.i.embedder.EclipseLogger - skip non existing resourceDirectory /home/shri/programming/spring/ApplicationContextDemo/src/main/resources
2018-01-01 23:01:02,882 [Worker-8] INFO  o.e.m.c.i.embedder.EclipseLogger - Using 'UTF-8' encoding to copy filtered resources.
2018-01-01 23:01:02,882 [Worker-8] INFO  o.e.m.c.i.embedder.EclipseLogger - skip non existing resourceDirectory /home/shri/programming/spring/ApplicationContextDemo/src/test/resources
2018-01-01 23:01:02,893 [Worker-8] INFO  o.e.m.c.i.embedder.EclipseLogger - Using 'UTF-8' encoding to copy filtered resources.
2018-01-01 23:01:02,893 [Worker-8] INFO  o.e.m.c.i.embedder.EclipseLogger - skip non existing resourceDirectory /home/shri/programming/spring/BeanFactoryDemo/src/main/resources
2018-01-01 23:01:02,894 [Worker-8] INFO  o.e.m.c.i.embedder.EclipseLogger - Using 'UTF-8' encoding to copy filtered resources.
2018-01-01 23:01:02,895 [Worker-8] INFO  o.e.m.c.i.embedder.EclipseLogger - skip non existing resourceDirectory /home/shri/programming/spring/BeanFactoryDemo/src/test/resources
2018-01-01 23:01:02,904 [Worker-8] INFO  o.e.m.c.i.embedder.EclipseLogger - Using 'UTF-8' encoding to copy filtered resources.
2018-01-01 23:01:02,904 [Worker-8] INFO  o.e.m.c.i.embedder.EclipseLogger - skip non existing resourceDirectory /home/shri/programming/spring/SpringCollectionExample/src/main/resources
2018-01-01 23:01:02,906 [Worker-8] INFO  o.e.m.c.i.embedder.EclipseLogger - Using 'UTF-8' encoding to copy filtered resources.
2018-01-01 23:01:02,906 [Worker-8] INFO  o.e.m.c.i.embedder.EclipseLogger - skip non existing resourceDirectory /home/shri/programming/spring/SpringCollectionExample/src/test/resources
2018-01-01 23:01:20,738 [Worker-5] INFO  o.e.m.c.i.embedder.EclipseLogger - Using 'UTF-8' encoding to copy filtered resources.
2018-01-01 23:01:20,738 [Worker-5] INFO  o.e.m.c.i.embedder.EclipseLogger - skip non existing resourceDirectory /home/shri/programming/spring/SpringCollectionExample/src/main/resources
2018-01-01 23:01:20,751 [Worker-5] INFO  o.e.m.c.i.embedder.EclipseLogger - Using 'UTF-8' encoding to copy filtered resources.
2018-01-01 23:01:20,751 [Worker-5] INFO  o.e.m.c.i.embedder.EclipseLogger - skip non existing resourceDirectory /home/shri/programming/spring/SpringCollectionExample/src/test/resources
2018-01-01 23:02:24,003 [Worker-0] INFO  o.e.m.c.i.embedder.EclipseLogger - Using 'UTF-8' encoding to copy filtered resources.
2018-01-01 23:02:24,004 [Worker-0] INFO  o.e.m.c.i.embedder.EclipseLogger - skip non existing resourceDirectory /home/shri/programming/spring/SpringCollectionExample/src/main/resources
2018-01-01 23:02:24,007 [Worker-0] INFO  o.e.m.c.i.embedder.EclipseLogger - Using 'UTF-8' encoding to copy filtered resources.
2018-01-01 23:02:24,007 [Worker-0] INFO  o.e.m.c.i.embedder.EclipseLogger - skip non existing resourceDirectory /home/shri/programming/spring/SpringCollectionExample/src/test/resources
2018-01-01 23:03:07,205 [Worker-13] INFO  o.e.m.c.i.embedder.EclipseLogger - Using 'UTF-8' encoding to copy filtered resources.
2018-01-01 23:03:07,206 [Worker-13] INFO  o.e.m.c.i.embedder.EclipseLogger - skip non existing resourceDirectory /home/shri/programming/spring/SpringCollectionExample/src/main/resources
2018-01-01 23:03:07,207 [Worker-13] INFO  o.e.m.c.i.embedder.EclipseLogger - Using 'UTF-8' encoding to copy filtered resources.
2018-01-01 23:03:07,209 [Worker-13] INFO  o.e.m.c.i.embedder.EclipseLogger - skip non existing resourceDirectory /home/shri/programming/spring/SpringCollectionExample/src/test/resources
2018-01-01 23:03:18,908 [Worker-14] INFO  o.e.m.c.i.embedder.EclipseLogger - Using 'UTF-8' encoding to copy filtered resources.
2018-01-01 23:03:18,909 [Worker-14] INFO  o.e.m.c.i.embedder.EclipseLogger - skip non existing resourceDirectory /home/shri/programming/spring/SpringCollectionExample/src/main/resources
2018-01-01 23:03:18,913 [Worker-14] INFO  o.e.m.c.i.embedder.EclipseLogger - Using 'UTF-8' encoding to copy filtered resources.
2018-01-01 23:03:18,914 [Worker-14] INFO  o.e.m.c.i.embedder.EclipseLogger - skip non existing resourceDirectory /home/shri/programming/spring/SpringCollectionExample/src/test/resources
2018-01-01 23:03:24,075 [Worker-14] INFO  o.e.m.c.i.embedder.EclipseLogger - Using 'UTF-8' encoding to copy filtered resources.
2018-01-01 23:03:24,075 [Worker-14] INFO  o.e.m.c.i.embedder.EclipseLogger - skip non existing resourceDirectory /home/shri/programming/spring/SpringCollectionExample/src/main/resources
2018-01-01 23:03:24,077 [Worker-14] INFO  o.e.m.c.i.embedder.EclipseLogger - Using 'UTF-8' encoding to copy filtered resources.
2018-01-01 23:03:24,078 [Worker-14] INFO  o.e.m.c.i.embedder.EclipseLogger - skip non existing resourceDirectory /home/shri/programming/spring/SpringCollectionExample/src/test/resources
2018-01-01 23:08:05,564 [Worker-8] INFO  o.e.m.c.i.l.LifecycleMappingFactory - Using org.eclipse.m2e.jdt.JarLifecycleMapping lifecycle mapping for MavenProject: org.shri:SpringCollectionExample:0.0.1-SNAPSHOT @ /home/shri/programming/spring/SpringCollectionExample/pom.xml.
2018-01-01 23:08:05,644 [Worker-8] INFO  o.e.m.c.i.embedder.EclipseLogger - Using 'UTF-8' encoding to copy filtered resources.
2018-01-01 23:08:05,645 [Worker-8] INFO  o.e.m.c.i.embedder.EclipseLogger - skip non existing resourceDirectory /home/shri/programming/spring/SpringCollectionExample/src/main/resources
2018-01-01 23:08:05,647 [Worker-8] INFO  o.e.m.c.i.embedder.EclipseLogger - Using 'UTF-8' encoding to copy filtered resources.
2018-01-01 23:08:05,647 [Worker-8] INFO  o.e.m.c.i.embedder.EclipseLogger - skip non existing resourceDirectory /home/shri/programming/spring/SpringCollectionExample/src/test/resources
2018-01-01 23:08:06,814 [Worker-12] INFO  o.e.m.c.i.embedder.EclipseLogger - Using 'UTF-8' encoding to copy filtered resources.
2018-01-01 23:08:06,815 [Worker-12] INFO  o.e.m.c.i.embedder.EclipseLogger - skip non existing resourceDirectory /home/shri/programming/spring/SpringCollectionExample/src/main/resources
2018-01-01 23:08:06,817 [Worker-12] INFO  o.e.m.c.i.embedder.EclipseLogger - Using 'UTF-8' encoding to copy filtered resources.
2018-01-01 23:08:06,818 [Worker-12] INFO  o.e.m.c.i.embedder.EclipseLogger - skip non existing resourceDirectory /home/shri/programming/spring/SpringCollectionExample/src/test/resources
2018-01-01 23:08:24,334 [Worker-5] INFO  o.e.m.c.i.l.LifecycleMappingFactory - Using org.eclipse.m2e.jdt.JarLifecycleMapping lifecycle mapping for MavenProject: org.shri:SpringCollectionExample:0.0.1-SNAPSHOT @ /home/shri/programming/spring/SpringCollectionExample/pom.xml.
2018-01-01 23:08:24,415 [Worker-5] INFO  o.e.m.c.i.embedder.EclipseLogger - Using 'UTF-8' encoding to copy filtered resources.
2018-01-01 23:08:24,415 [Worker-5] INFO  o.e.m.c.i.embedder.EclipseLogger - skip non existing resourceDirectory /home/shri/programming/spring/SpringCollectionExample/src/main/resources
2018-01-01 23:08:24,418 [Worker-5] INFO  o.e.m.c.i.embedder.EclipseLogger - Using 'UTF-8' encoding to copy filtered resources.
2018-01-01 23:08:24,419 [Worker-5] INFO  o.e.m.c.i.embedder.EclipseLogger - skip non existing resourceDirectory /home/shri/programming/spring/SpringCollectionExample/src/test/resources
2018-01-01 23:08:25,577 [Worker-8] INFO  o.e.m.c.i.embedder.EclipseLogger - Using 'UTF-8' encoding to copy filtered resources.
2018-01-01 23:08:25,577 [Worker-8] INFO  o.e.m.c.i.embedder.EclipseLogger - skip non existing resourceDirectory /home/shri/programming/spring/SpringCollectionExample/src/main/resources
2018-01-01 23:08:25,579 [Worker-8] INFO  o.e.m.c.i.embedder.EclipseLogger - Using 'UTF-8' encoding to copy filtered resources.
2018-01-01 23:08:25,579 [Worker-8] INFO  o.e.m.c.i.embedder.EclipseLogger - skip non existing resourceDirectory /home/shri/programming/spring/SpringCollectionExample/src/test/resources
2018-01-01 23:09:06,851 [Worker-13] INFO  o.e.m.c.i.embedder.EclipseLogger - Using 'UTF-8' encoding to copy filtered resources.
2018-01-01 23:09:06,851 [Worker-13] INFO  o.e.m.c.i.embedder.EclipseLogger - skip non existing resourceDirectory /home/shri/programming/spring/SpringCollectionExample/src/main/resources
2018-01-01 23:09:06,853 [Worker-13] INFO  o.e.m.c.i.embedder.EclipseLogger - Using 'UTF-8' encoding to copy filtered resources.
2018-01-01 23:09:06,853 [Worker-13] INFO  o.e.m.c.i.embedder.EclipseLogger - skip non existing resourceDirectory /home/shri/programming/spring/SpringCollectionExample/src/test/resources
2018-01-01 23:13:12,224 [Worker-5] INFO  o.e.m.c.i.embedder.EclipseLogger - Using 'UTF-8' encoding to copy filtered resources.
2018-01-01 23:13:12,224 [Worker-5] INFO  o.e.m.c.i.embedder.EclipseLogger - skip non existing resourceDirectory /home/shri/programming/spring/SpringCollectionExample/src/main/resources
2018-01-01 23:13:12,229 [Worker-5] INFO  o.e.m.c.i.embedder.EclipseLogger - Using 'UTF-8' encoding to copy filtered resources.
2018-01-01 23:13:12,229 [Worker-5] INFO  o.e.m.c.i.embedder.EclipseLogger - skip non existing resourceDirectory /home/shri/programming/spring/SpringCollectionExample/src/test/resources
2018-01-01 23:14:42,833 [Worker-12] INFO  o.e.m.c.i.embedder.EclipseLogger - Using 'UTF-8' encoding to copy filtered resources.
2018-01-01 23:14:42,833 [Worker-12] INFO  o.e.m.c.i.embedder.EclipseLogger - skip non existing resourceDirectory /home/shri/programming/spring/SpringCollectionExample/src/main/resources
2018-01-01 23:14:42,835 [Worker-12] INFO  o.e.m.c.i.embedder.EclipseLogger - Using 'UTF-8' encoding to copy filtered resources.
2018-01-01 23:14:42,836 [Worker-12] INFO  o.e.m.c.i.embedder.EclipseLogger - skip non existing resourceDirectory /home/shri/programming/spring/SpringCollectionExample/src/test/resources
2018-01-01 23:14:54,912 [Worker-12] INFO  o.e.m.c.i.embedder.EclipseLogger - Using 'UTF-8' encoding to copy filtered resources.
2018-01-01 23:14:54,912 [Worker-12] INFO  o.e.m.c.i.embedder.EclipseLogger - skip non existing resourceDirectory /home/shri/programming/spring/SpringCollectionExample/src/main/resources
2018-01-01 23:14:54,914 [Worker-12] INFO  o.e.m.c.i.embedder.EclipseLogger - Using 'UTF-8' encoding to copy filtered resources.
2018-01-01 23:14:54,914 [Worker-12] INFO  o.e.m.c.i.embedder.EclipseLogger - skip non existing resourceDirectory /home/shri/programming/spring/SpringCollectionExample/src/test/resources
2018-01-01 23:15:03,225 [Worker-11] INFO  o.e.m.c.i.embedder.EclipseLogger - Using 'UTF-8' encoding to copy filtered resources.
2018-01-01 23:15:03,225 [Worker-11] INFO  o.e.m.c.i.embedder.EclipseLogger - skip non existing resourceDirectory /home/shri/programming/spring/SpringCollectionExample/src/main/resources
2018-01-01 23:15:03,227 [Worker-11] INFO  o.e.m.c.i.embedder.EclipseLogger - Using 'UTF-8' encoding to copy filtered resources.
2018-01-01 23:15:03,227 [Worker-11] INFO  o.e.m.c.i.embedder.EclipseLogger - skip non existing resourceDirectory /home/shri/programming/spring/SpringCollectionExample/src/test/resources
2018-01-01 23:15:51,889 [Worker-5] INFO  o.e.m.c.i.l.LifecycleMappingFactory - Using org.eclipse.m2e.jdt.JarLifecycleMapping lifecycle mapping for MavenProject: org.shri:SpringCollectionExample:0.0.1-SNAPSHOT @ /home/shri/programming/spring/SetCollectionExample/pom.xml.
2018-01-01 23:15:51,935 [Worker-5] INFO  o.e.m.c.i.embedder.EclipseLogger - Using 'UTF-8' encoding to copy filtered resources.
2018-01-01 23:15:51,935 [Worker-5] INFO  o.e.m.c.i.embedder.EclipseLogger - skip non existing resourceDirectory /home/shri/programming/spring/SetCollectionExample/src/main/resources
2018-01-01 23:15:51,937 [Worker-5] INFO  o.e.m.c.i.embedder.EclipseLogger - Using 'UTF-8' encoding to copy filtered resources.
2018-01-01 23:15:51,937 [Worker-5] INFO  o.e.m.c.i.embedder.EclipseLogger - skip non existing resourceDirectory /home/shri/programming/spring/SetCollectionExample/src/test/resources
2018-01-01 23:15:52,194 [Worker-17] INFO  o.e.m.c.i.l.LifecycleMappingFactory - Using org.eclipse.m2e.jdt.JarLifecycleMapping lifecycle mapping for MavenProject: org.shri:SpringCollectionExample:0.0.1-SNAPSHOT @ /home/shri/programming/spring/SetCollectionExample/pom.xml.
2018-01-01 23:15:53,011 [Worker-11] INFO  o.e.m.c.i.embedder.EclipseLogger - Using 'UTF-8' encoding to copy filtered resources.
2018-01-01 23:15:53,011 [Worker-11] INFO  o.e.m.c.i.embedder.EclipseLogger - skip non existing resourceDirectory /home/shri/programming/spring/SetCollectionExample/src/main/resources
2018-01-01 23:15:53,034 [Worker-11] INFO  o.e.m.c.i.embedder.EclipseLogger - Using 'UTF-8' encoding to copy filtered resources.
2018-01-01 23:15:53,034 [Worker-11] INFO  o.e.m.c.i.embedder.EclipseLogger - skip non existing resourceDirectory /home/shri/programming/spring/SetCollectionExample/src/test/resources
2018-01-01 23:16:54,170 [Worker-13] INFO  o.e.m.c.i.embedder.EclipseLogger - Using 'UTF-8' encoding to copy filtered resources.
2018-01-01 23:16:54,171 [Worker-13] INFO  o.e.m.c.i.embedder.EclipseLogger - skip non existing resourceDirectory /home/shri/programming/spring/SetCollectionExample/src/main/resources
2018-01-01 23:16:54,172 [Worker-13] INFO  o.e.m.c.i.embedder.EclipseLogger - Using 'UTF-8' encoding to copy filtered resources.
2018-01-01 23:16:54,173 [Worker-13] INFO  o.e.m.c.i.embedder.EclipseLogger - skip non existing resourceDirectory /home/shri/programming/spring/SetCollectionExample/src/test/resources
2018-01-01 23:17:11,761 [Worker-18] INFO  o.e.m.c.i.embedder.EclipseLogger - Using 'UTF-8' encoding to copy filtered resources.
2018-01-01 23:17:11,762 [Worker-18] INFO  o.e.m.c.i.embedder.EclipseLogger - skip non existing resourceDirectory /home/shri/programming/spring/SetCollectionExample/src/main/resources
2018-01-01 23:17:11,765 [Worker-18] INFO  o.e.m.c.i.embedder.EclipseLogger - Using 'UTF-8' encoding to copy filtered resources.
2018-01-01 23:17:11,766 [Worker-18] INFO  o.e.m.c.i.embedder.EclipseLogger - skip non existing resourceDirectory /home/shri/programming/spring/SetCollectionExample/src/test/resources
2018-01-01 23:17:36,505 [Worker-13] INFO  o.e.m.c.i.embedder.EclipseLogger - Using 'UTF-8' encoding to copy filtered resources.
2018-01-01 23:17:36,506 [Worker-13] INFO  o.e.m.c.i.embedder.EclipseLogger - skip non existing resourceDirectory /home/shri/programming/spring/SetCollectionExample/src/main/resources
2018-01-01 23:17:36,507 [Worker-13] INFO  o.e.m.c.i.embedder.EclipseLogger - Using 'UTF-8' encoding to copy filtered resources.
2018-01-01 23:17:36,508 [Worker-13] INFO  o.e.m.c.i.embedder.EclipseLogger - skip non existing resourceDirectory /home/shri/programming/spring/SetCollectionExample/src/test/resources
2018-01-01 23:18:04,384 [Worker-17] INFO  o.e.m.c.i.embedder.EclipseLogger - Using 'UTF-8' encoding to copy filtered resources.
2018-01-01 23:18:04,385 [Worker-17] INFO  o.e.m.c.i.embedder.EclipseLogger - skip non existing resourceDirectory /home/shri/programming/spring/SetCollectionExample/src/main/resources
2018-01-01 23:18:04,388 [Worker-17] INFO  o.e.m.c.i.embedder.EclipseLogger - Using 'UTF-8' encoding to copy filtered resources.
2018-01-01 23:18:04,388 [Worker-17] INFO  o.e.m.c.i.embedder.EclipseLogger - skip non existing resourceDirectory /home/shri/programming/spring/SetCollectionExample/src/test/resources
2018-01-01 23:18:13,801 [Worker-11] INFO  o.e.m.c.i.embedder.EclipseLogger - Using 'UTF-8' encoding to copy filtered resources.
2018-01-01 23:18:13,801 [Worker-11] INFO  o.e.m.c.i.embedder.EclipseLogger - skip non existing resourceDirectory /home/shri/programming/spring/SetCollectionExample/src/main/resources
2018-01-01 23:18:13,803 [Worker-11] INFO  o.e.m.c.i.embedder.EclipseLogger - Using 'UTF-8' encoding to copy filtered resources.
2018-01-01 23:18:13,803 [Worker-11] INFO  o.e.m.c.i.embedder.EclipseLogger - skip non existing resourceDirectory /home/shri/programming/spring/SetCollectionExample/src/test/resources
2018-01-01 23:18:44,177 [Worker-17] INFO  o.e.m.c.i.embedder.EclipseLogger - Using 'UTF-8' encoding to copy filtered resources.
2018-01-01 23:18:44,178 [Worker-17] INFO  o.e.m.c.i.embedder.EclipseLogger - skip non existing resourceDirectory /home/shri/programming/spring/SetCollectionExample/src/main/resources
2018-01-01 23:18:44,179 [Worker-17] INFO  o.e.m.c.i.embedder.EclipseLogger - Using 'UTF-8' encoding to copy filtered resources.
2018-01-01 23:18:44,184 [Worker-17] INFO  o.e.m.c.i.embedder.EclipseLogger - skip non existing resourceDirectory /home/shri/programming/spring/SetCollectionExample/src/test/resources
2018-01-01 23:19:50,333 [Worker-15] INFO  o.e.m.c.i.embedder.EclipseLogger - Using 'UTF-8' encoding to copy filtered resources.
2018-01-01 23:19:50,333 [Worker-15] INFO  o.e.m.c.i.embedder.EclipseLogger - skip non existing resourceDirectory /home/shri/programming/spring/SetCollectionExample/src/main/resources
2018-01-01 23:19:50,335 [Worker-15] INFO  o.e.m.c.i.embedder.EclipseLogger - Using 'UTF-8' encoding to copy filtered resources.
2018-01-01 23:19:50,335 [Worker-15] INFO  o.e.m.c.i.embedder.EclipseLogger - skip non existing resourceDirectory /home/shri/programming/spring/SetCollectionExample/src/test/resources
2018-01-01 23:20:09,396 [Worker-17] INFO  o.e.m.c.i.embedder.EclipseLogger - Using 'UTF-8' encoding to copy filtered resources.
2018-01-01 23:20:09,396 [Worker-17] INFO  o.e.m.c.i.embedder.EclipseLogger - skip non existing resourceDirectory /home/shri/programming/spring/SetCollectionExample/src/main/resources
2018-01-01 23:20:09,398 [Worker-17] INFO  o.e.m.c.i.embedder.EclipseLogger - Using 'UTF-8' encoding to copy filtered resources.
2018-01-01 23:20:09,398 [Worker-17] INFO  o.e.m.c.i.embedder.EclipseLogger - skip non existing resourceDirectory /home/shri/programming/spring/SetCollectionExample/src/test/resources
2018-01-01 23:21:10,716 [Worker-8] INFO  o.e.m.c.i.p.ProjectConfigurationManager - Collecting project info '/pom.xml' /home/shri/programming/spring/ListCollectionExample/pom.xml
2018-01-01 23:21:10,857 [Worker-8] INFO  o.e.m.c.i.l.LifecycleMappingFactory - Using org.eclipse.m2e.jdt.JarLifecycleMapping lifecycle mapping for MavenProject: org.shri:ListCollectionExample:0.0.1-SNAPSHOT @ /home/shri/programming/spring/ListCollectionExample/pom.xml.
2018-01-01 23:21:11,027 [Worker-8] INFO  o.e.m.j.i.AbstractJavaProjectConfigurator - Adding source folder /ListCollectionExample/src/main/java
2018-01-01 23:21:11,035 [Worker-8] INFO  o.e.m.j.i.AbstractJavaProjectConfigurator - Adding source folder /ListCollectionExample/src/test/java
2018-01-01 23:21:11,077 [Worker-8] INFO  o.e.m.c.i.p.ProjectConfigurationManager - Project import completed 0 sec
2018-01-01 23:21:11,281 [Worker-18] INFO  o.e.m.c.i.l.LifecycleMappingFactory - Using org.eclipse.m2e.jdt.JarLifecycleMapping lifecycle mapping for MavenProject: org.shri:ListCollectionExample:0.0.1-SNAPSHOT @ /home/shri/programming/spring/ListCollectionExample/pom.xml.
2018-01-01 23:21:11,403 [Worker-18] INFO  o.e.m.c.i.embedder.EclipseLogger - Using 'UTF-8' encoding to copy filtered resources.
2018-01-01 23:21:11,403 [Worker-18] INFO  o.e.m.c.i.embedder.EclipseLogger - skip non existing resourceDirectory /home/shri/programming/spring/ListCollectionExample/src/main/resources
2018-01-01 23:21:11,405 [Worker-18] INFO  o.e.m.c.i.embedder.EclipseLogger - Using 'UTF-8' encoding to copy filtered resources.
2018-01-01 23:21:11,405 [Worker-18] INFO  o.e.m.c.i.embedder.EclipseLogger - skip non existing resourceDirectory /home/shri/programming/spring/ListCollectionExample/src/test/resources
2018-01-01 23:21:12,108 [Worker-18] INFO  o.e.m.c.i.l.LifecycleMappingFactory - Using org.eclipse.m2e.jdt.JarLifecycleMapping lifecycle mapping for MavenProject: org.shri:ListCollectionExample:0.0.1-SNAPSHOT @ /home/shri/programming/spring/ListCollectionExample/pom.xml.
2018-01-01 23:21:12,425 [Worker-16] INFO  o.e.m.c.i.embedder.EclipseLogger - Using 'UTF-8' encoding to copy filtered resources.
2018-01-01 23:21:12,425 [Worker-16] INFO  o.e.m.c.i.embedder.EclipseLogger - skip non existing resourceDirectory /home/shri/programming/spring/ListCollectionExample/src/main/resources
2018-01-01 23:21:12,430 [Worker-16] INFO  o.e.m.c.i.embedder.EclipseLogger - Using 'UTF-8' encoding to copy filtered resources.
2018-01-01 23:21:12,430 [Worker-16] INFO  o.e.m.c.i.embedder.EclipseLogger - skip non existing resourceDirectory /home/shri/programming/spring/ListCollectionExample/src/test/resources
2018-01-01 23:21:24,732 [Worker-11] INFO  o.e.m.c.i.l.LifecycleMappingFactory - Using org.eclipse.m2e.jdt.JarLifecycleMapping lifecycle mapping for MavenProject: org.shri:SpringCollectionExample:0.0.1-SNAPSHOT @ /home/shri/programming/spring/ListCollectionExample/pom.xml.
2018-01-01 23:21:24,829 [Worker-11] INFO  o.e.m.c.i.embedder.EclipseLogger - Using 'UTF-8' encoding to copy filtered resources.
2018-01-01 23:21:24,829 [Worker-11] INFO  o.e.m.c.i.embedder.EclipseLogger - skip non existing resourceDirectory /home/shri/programming/spring/ListCollectionExample/src/main/resources
2018-01-01 23:21:24,831 [Worker-11] INFO  o.e.m.c.i.embedder.EclipseLogger - Using 'UTF-8' encoding to copy filtered resources.
2018-01-01 23:21:24,831 [Worker-11] INFO  o.e.m.c.i.embedder.EclipseLogger - skip non existing resourceDirectory /home/shri/programming/spring/ListCollectionExample/src/test/resources
2018-01-01 23:21:25,965 [Worker-13] INFO  o.e.m.c.i.embedder.EclipseLogger - Using 'UTF-8' encoding to copy filtered resources.
2018-01-01 23:21:25,965 [Worker-13] INFO  o.e.m.c.i.embedder.EclipseLogger - skip non existing resourceDirectory /home/shri/programming/spring/ListCollectionExample/src/main/resources
2018-01-01 23:21:25,967 [Worker-13] INFO  o.e.m.c.i.embedder.EclipseLogger - Using 'UTF-8' encoding to copy filtered resources.
2018-01-01 23:21:25,967 [Worker-13] INFO  o.e.m.c.i.embedder.EclipseLogger - skip non existing resourceDirectory /home/shri/programming/spring/ListCollectionExample/src/test/resources
2018-01-01 23:21:39,933 [Worker-13] INFO  o.e.m.c.i.embedder.EclipseLogger - Using 'UTF-8' encoding to copy filtered resources.
2018-01-01 23:21:39,934 [Worker-13] INFO  o.e.m.c.i.embedder.EclipseLogger - skip non existing resourceDirectory /home/shri/programming/spring/ListCollectionExample/src/main/resources
2018-01-01 23:21:39,937 [Worker-13] INFO  o.e.m.c.i.embedder.EclipseLogger - Using 'UTF-8' encoding to copy filtered resources.
2018-01-01 23:21:39,937 [Worker-13] INFO  o.e.m.c.i.embedder.EclipseLogger - skip non existing resourceDirectory /home/shri/programming/spring/ListCollectionExample/src/test/resources
2018-01-01 23:21:52,800 [Worker-5] INFO  o.e.m.c.i.embedder.EclipseLogger - Using 'UTF-8' encoding to copy filtered resources.
2018-01-01 23:21:52,801 [Worker-5] INFO  o.e.m.c.i.embedder.EclipseLogger - skip non existing resourceDirectory /home/shri/programming/spring/ListCollectionExample/src/main/resources
2018-01-01 23:21:52,803 [Worker-5] INFO  o.e.m.c.i.embedder.EclipseLogger - Using 'UTF-8' encoding to copy filtered resources.
2018-01-01 23:21:52,803 [Worker-5] INFO  o.e.m.c.i.embedder.EclipseLogger - skip non existing resourceDirectory /home/shri/programming/spring/ListCollectionExample/src/test/resources
2018-01-01 23:22:04,180 [Worker-12] INFO  o.e.m.c.i.embedder.EclipseLogger - Using 'UTF-8' encoding to copy filtered resources.
2018-01-01 23:22:04,180 [Worker-12] INFO  o.e.m.c.i.embedder.EclipseLogger - skip non existing resourceDirectory /home/shri/programming/spring/ListCollectionExample/src/main/resources
2018-01-01 23:22:04,182 [Worker-12] INFO  o.e.m.c.i.embedder.EclipseLogger - Using 'UTF-8' encoding to copy filtered resources.
2018-01-01 23:22:04,182 [Worker-12] INFO  o.e.m.c.i.embedder.EclipseLogger - skip non existing resourceDirectory /home/shri/programming/spring/ListCollectionExample/src/test/resources
2018-01-01 23:22:17,674 [Worker-18] INFO  o.e.m.c.i.embedder.EclipseLogger - Using 'UTF-8' encoding to copy filtered resources.
2018-01-01 23:22:17,675 [Worker-18] INFO  o.e.m.c.i.embedder.EclipseLogger - skip non existing resourceDirectory /home/shri/programming/spring/ListCollectionExample/src/main/resources
2018-01-01 23:22:17,677 [Worker-18] INFO  o.e.m.c.i.embedder.EclipseLogger - Using 'UTF-8' encoding to copy filtered resources.
2018-01-01 23:22:17,679 [Worker-18] INFO  o.e.m.c.i.embedder.EclipseLogger - skip non existing resourceDirectory /home/shri/programming/spring/ListCollectionExample/src/test/resources
2018-01-01 23:23:05,009 [Worker-8] INFO  o.e.m.c.i.embedder.EclipseLogger - Using 'UTF-8' encoding to copy filtered resources.
2018-01-01 23:23:05,009 [Worker-8] INFO  o.e.m.c.i.embedder.EclipseLogger - skip non existing resourceDirectory /home/shri/programming/spring/ListCollectionExample/src/main/resources
2018-01-01 23:23:05,010 [Worker-8] INFO  o.e.m.c.i.embedder.EclipseLogger - Using 'UTF-8' encoding to copy filtered resources.
2018-01-01 23:23:05,010 [Worker-8] INFO  o.e.m.c.i.embedder.EclipseLogger - skip non existing resourceDirectory /home/shri/programming/spring/ListCollectionExample/src/test/resources
2018-01-01 23:23:12,065 [Worker-17] INFO  o.e.m.c.i.embedder.EclipseLogger - Using 'UTF-8' encoding to copy filtered resources.
2018-01-01 23:23:12,066 [Worker-17] INFO  o.e.m.c.i.embedder.EclipseLogger - skip non existing resourceDirectory /home/shri/programming/spring/ListCollectionExample/src/main/resources
2018-01-01 23:23:12,068 [Worker-17] INFO  o.e.m.c.i.embedder.EclipseLogger - Using 'UTF-8' encoding to copy filtered resources.
2018-01-01 23:23:12,069 [Worker-17] INFO  o.e.m.c.i.embedder.EclipseLogger - skip non existing resourceDirectory /home/shri/programming/spring/ListCollectionExample/src/test/resources
2018-01-01 23:24:30,904 [Worker-12] INFO  o.e.m.c.i.embedder.EclipseLogger - Using 'UTF-8' encoding to copy filtered resources.
2018-01-01 23:24:30,905 [Worker-12] INFO  o.e.m.c.i.embedder.EclipseLogger - skip non existing resourceDirectory /home/shri/programming/spring/ListCollectionExample/src/main/resources
2018-01-01 23:24:30,906 [Worker-12] INFO  o.e.m.c.i.embedder.EclipseLogger - Using 'UTF-8' encoding to copy filtered resources.
2018-01-01 23:24:30,907 [Worker-12] INFO  o.e.m.c.i.embedder.EclipseLogger - skip non existing resourceDirectory /home/shri/programming/spring/ListCollectionExample/src/test/resources
2018-01-01 23:25:18,024 [Worker-15] INFO  o.e.m.c.i.embedder.EclipseLogger - Using 'UTF-8' encoding to copy filtered resources.
2018-01-01 23:25:18,024 [Worker-15] INFO  o.e.m.c.i.embedder.EclipseLogger - skip non existing resourceDirectory /home/shri/programming/spring/ListCollectionExample/src/main/resources
2018-01-01 23:25:18,025 [Worker-15] INFO  o.e.m.c.i.embedder.EclipseLogger - Using 'UTF-8' encoding to copy filtered resources.
2018-01-01 23:25:18,026 [Worker-15] INFO  o.e.m.c.i.embedder.EclipseLogger - skip non existing resourceDirectory /home/shri/programming/spring/ListCollectionExample/src/test/resources
2018-01-01 23:26:06,182 [Worker-16] INFO  o.e.m.c.i.embedder.EclipseLogger - Using 'UTF-8' encoding to copy filtered resources.
2018-01-01 23:26:06,183 [Worker-16] INFO  o.e.m.c.i.embedder.EclipseLogger - skip non existing resourceDirectory /home/shri/programming/spring/ListCollectionExample/src/main/resources
2018-01-01 23:26:06,186 [Worker-16] INFO  o.e.m.c.i.embedder.EclipseLogger - Using 'UTF-8' encoding to copy filtered resources.
2018-01-01 23:26:06,186 [Worker-16] INFO  o.e.m.c.i.embedder.EclipseLogger - skip non existing resourceDirectory /home/shri/programming/spring/ListCollectionExample/src/test/resources
2018-01-01 23:35:57,691 [Worker-15] INFO  o.e.m.c.i.embedder.EclipseLogger - Using 'UTF-8' encoding to copy filtered resources.
2018-01-01 23:35:57,692 [Worker-15] INFO  o.e.m.c.i.embedder.EclipseLogger - skip non existing resourceDirectory /home/shri/programming/spring/ListCollectionExample/src/main/resources
2018-01-01 23:35:57,693 [Worker-15] INFO  o.e.m.c.i.embedder.EclipseLogger - Using 'UTF-8' encoding to copy filtered resources.
2018-01-01 23:35:57,693 [Worker-15] INFO  o.e.m.c.i.embedder.EclipseLogger - skip non existing resourceDirectory /home/shri/programming/spring/ListCollectionExample/src/test/resources
2018-01-01 23:37:16,192 [Worker-12] INFO  o.e.m.c.i.embedder.EclipseLogger - Using 'UTF-8' encoding to copy filtered resources.
2018-01-01 23:37:16,192 [Worker-12] INFO  o.e.m.c.i.embedder.EclipseLogger - skip non existing resourceDirectory /home/shri/programming/spring/ListCollectionExample/src/main/resources
2018-01-01 23:37:16,193 [Worker-12] INFO  o.e.m.c.i.embedder.EclipseLogger - Using 'UTF-8' encoding to copy filtered resources.
2018-01-01 23:37:16,193 [Worker-12] INFO  o.e.m.c.i.embedder.EclipseLogger - skip non existing resourceDirectory /home/shri/programming/spring/ListCollectionExample/src/test/resources
